c:\users\ш\documents\visual studio 2008\projects\os\slnsharedbuffer\recieveclient\debug\recieveclient.pch
c:\users\ш\documents\visual studio 2008\projects\os\slnsharedbuffer\recieveclient\debug\vc140.pdb
c:\users\ш\documents\visual studio 2008\projects\os\slnsharedbuffer\recieveclient\debug\vc140.idb
c:\users\ш\documents\visual studio 2008\projects\os\slnsharedbuffer\recieveclient\debug\stdafx.obj
c:\users\ш\documents\visual studio 2008\projects\os\slnsharedbuffer\recieveclient\debug\recieveclient.obj
c:\users\ш\documents\visual studio 2008\projects\os\slnsharedbuffer\recieveclient\debug\recieveclientdlg.obj
c:\users\ш\documents\visual studio 2008\projects\os\slnsharedbuffer\debug\recieveclient.ilk
c:\users\ш\documents\visual studio 2008\projects\os\slnsharedbuffer\debug\recieveclient.exe
c:\users\ш\documents\visual studio 2008\projects\os\slnsharedbuffer\debug\recieveclient.pdb
c:\users\ш\documents\visual studio 2008\projects\os\slnsharedbuffer\recieveclient\debug\recieveclient.res
c:\users\ш\documents\visual studio 2008\projects\os\slnsharedbuffer\recieveclient\debug\recieveclient.vcxprojresolveassemblyreference.cache
c:\users\ш\documents\visual studio 2008\projects\os\slnsharedbuffer\recieveclient\debug\recieveclient.tlog\cl.command.1.tlog
c:\users\ш\documents\visual studio 2008\projects\os\slnsharedbuffer\recieveclient\debug\recieveclient.tlog\cl.read.1.tlog
c:\users\ш\documents\visual studio 2008\projects\os\slnsharedbuffer\recieveclient\debug\recieveclient.tlog\cl.write.1.tlog
c:\users\ш\documents\visual studio 2008\projects\os\slnsharedbuffer\recieveclient\debug\recieveclient.tlog\link.command.1.tlog
c:\users\ш\documents\visual studio 2008\projects\os\slnsharedbuffer\recieveclient\debug\recieveclient.tlog\link.read.1.tlog
c:\users\ш\documents\visual studio 2008\projects\os\slnsharedbuffer\recieveclient\debug\recieveclient.tlog\link.write.1.tlog
c:\users\ш\documents\visual studio 2008\projects\os\slnsharedbuffer\recieveclient\debug\recieveclient.tlog\rc.command.1.tlog
c:\users\ш\documents\visual studio 2008\projects\os\slnsharedbuffer\recieveclient\debug\recieveclient.tlog\rc.read.1.tlog
c:\users\ш\documents\visual studio 2008\projects\os\slnsharedbuffer\recieveclient\debug\recieveclient.tlog\rc.write.1.tlog
