c:\users\ш\documents\visual studio 2008\projects\os\slnsharedbuffer\sendclient\debug\sendclient.pch
c:\users\ш\documents\visual studio 2008\projects\os\slnsharedbuffer\sendclient\debug\vc140.pdb
c:\users\ш\documents\visual studio 2008\projects\os\slnsharedbuffer\sendclient\debug\vc140.idb
c:\users\ш\documents\visual studio 2008\projects\os\slnsharedbuffer\sendclient\debug\stdafx.obj
c:\users\ш\documents\visual studio 2008\projects\os\slnsharedbuffer\sendclient\debug\sendclient.obj
c:\users\ш\documents\visual studio 2008\projects\os\slnsharedbuffer\sendclient\debug\sendclientdlg.obj
c:\users\ш\documents\visual studio 2008\projects\os\slnsharedbuffer\debug\sendclient.ilk
c:\users\ш\documents\visual studio 2008\projects\os\slnsharedbuffer\debug\sendclient.exe
c:\users\ш\documents\visual studio 2008\projects\os\slnsharedbuffer\debug\sendclient.pdb
c:\users\ш\documents\visual studio 2008\projects\os\slnsharedbuffer\sendclient\debug\sendclient.res
c:\users\ш\documents\visual studio 2008\projects\os\slnsharedbuffer\debug\sendclient.lib
c:\users\ш\documents\visual studio 2008\projects\os\slnsharedbuffer\debug\sendclient.exp
c:\users\ш\documents\visual studio 2008\projects\os\slnsharedbuffer\sendclient\debug\sendclient.vcxprojresolveassemblyreference.cache
c:\users\ш\documents\visual studio 2008\projects\os\slnsharedbuffer\sendclient\debug\sendclient.tlog\cl.command.1.tlog
c:\users\ш\documents\visual studio 2008\projects\os\slnsharedbuffer\sendclient\debug\sendclient.tlog\cl.read.1.tlog
c:\users\ш\documents\visual studio 2008\projects\os\slnsharedbuffer\sendclient\debug\sendclient.tlog\cl.write.1.tlog
c:\users\ш\documents\visual studio 2008\projects\os\slnsharedbuffer\sendclient\debug\sendclient.tlog\link.command.1.tlog
c:\users\ш\documents\visual studio 2008\projects\os\slnsharedbuffer\sendclient\debug\sendclient.tlog\link.read.1.tlog
c:\users\ш\documents\visual studio 2008\projects\os\slnsharedbuffer\sendclient\debug\sendclient.tlog\link.write.1.tlog
c:\users\ш\documents\visual studio 2008\projects\os\slnsharedbuffer\sendclient\debug\sendclient.tlog\rc.command.1.tlog
c:\users\ш\documents\visual studio 2008\projects\os\slnsharedbuffer\sendclient\debug\sendclient.tlog\rc.read.1.tlog
c:\users\ш\documents\visual studio 2008\projects\os\slnsharedbuffer\sendclient\debug\sendclient.tlog\rc.write.1.tlog
c:\users\ш\documents\visual studio 2008\projects\os\slnsharedbuffer\sendclient\debug\sendclient.tlog\sendclient.write.1u.tlog
